<?xml version="1.0" encoding="UTF-8"?>
<!-- Generated by org.testng.reporters.JUnitReportReporter -->
<testsuite hostname="QT-INBG-LT0660" failures="0" tests="1" name="smaple.FirstTest" time="3.720" errors="0" timestamp="2023-10-05T18:48:58 IST" skipped="0">
  <testcase classname="smaple.FirstTest" name="testing" time="3.720"/>
</testsuite> <!-- smaple.FirstTest -->
