<?xml version="1.0" encoding="UTF-8"?>
<!-- Generated by org.testng.reporters.JUnitReportReporter -->
<testsuite hostname="QT-INBG-LT0660" failures="0" tests="1" name="smaple.FirstTest" time="20.089" errors="0" timestamp="2023-10-07T19:26:35 IST" skipped="0">
  <testcase classname="smaple.FirstTest" name="testing" time="20.089"/>
</testsuite> <!-- smaple.FirstTest -->
