<?xml version="1.0" encoding="UTF-8"?>
<!-- Generated by org.testng.reporters.JUnitReportReporter -->
<testsuite hostname="QT-INBG-LT0660" failures="0" tests="1" name="smaple.FirstTest" time="32.219" errors="0" timestamp="2023-10-06T11:46:59 IST" skipped="0">
  <testcase classname="smaple.FirstTest" name="testing" time="32.219"/>
</testsuite> <!-- smaple.FirstTest -->
